<?xml version="1.0" encoding="utf-8"?><testsuites><testsuite name="pytest" errors="0" failures="0" skipped="0" tests="11" time="0.199" timestamp="2023-05-07T04:22:30.805832" hostname="Diegos-MacBook-Pro.local"><testcase classname="tests.test_banking_api" name="test_signup" file="tests/test_banking_api.py" line="7" time="0.010" /><testcase classname="tests.test_banking_application" name="test_account_does_not_exist" file="tests/test_banking_application.py" line="96" time="0.001" /><testcase classname="tests.test_banking_application" name="test_deposit" file="tests/test_banking_application.py" line="104" time="0.003" /><testcase classname="tests.test_banking_application" name="test_withdraw" file="tests/test_banking_application.py" line="117" time="0.001" /><testcase classname="tests.test_banking_application" name="test_insufficient" file="tests/test_banking_application.py" line="132" time="0.001" /><testcase classname="tests.test_banking_application" name="test_transfer" file="tests/test_banking_application.py" line="148" time="0.003" /><testcase classname="tests.test_banking_application" name="test_closed" file="tests/test_banking_application.py" line="196" time="0.002" /><testcase classname="tests.test_banking_application" name="test_debit" file="tests/test_banking_application.py" line="249" time="0.001" /><testcase classname="tests.test_banking_application" name="test_overdraft" file="tests/test_banking_application.py" line="257" time="0.002" /><testcase classname="tests.test_banking_application" name="test_password" file="tests/test_banking_application.py" line="308" time="0.001" /><testcase classname="tests.test_banking_application" name="test_error_handler_decorator" file="tests/test_banking_application.py" line="320" time="0.000" /></testsuite></testsuites>